\BOOKMARK [0][-]{section*.1}{\376\377\144\130\211\201}{}% 1
\BOOKMARK [0][-]{section*.3}{\376\377\000\101\000\102\000\123\000\124\000\122\000\101\000\103\000\124}{}% 2
\BOOKMARK [0][-]{section*.5}{\376\377\143\322\126\376\175\042\137\025}{}% 3
\BOOKMARK [0][-]{section*.7}{\376\377\210\150\150\074\175\042\137\025}{}% 4
\BOOKMARK [0][-]{section*.9}{\376\377\173\046\123\367\133\371\161\147\210\150}{}% 5
\BOOKMARK [0][-]{section*.11}{\376\377\177\051\165\145\213\355\133\371\161\147\210\150}{}% 6
\BOOKMARK [0][-]{chapter.1}{\376\377\173\054\116\000\172\340\000\040\000\040\176\352\213\272}{}% 7
\BOOKMARK [1][-]{section.1.1}{\376\377\000\061\000\056\000\061\170\024\172\166\200\314\146\157\123\312\141\017\116\111}{chapter.1}% 8
\BOOKMARK [1][-]{section.1.2}{\376\377\000\061\000\056\000\062\210\114\116\072\213\306\122\053\166\204\170\024\172\166\163\260\162\266}{chapter.1}% 9
\BOOKMARK [2][-]{subsection.1.2.1}{\376\377\000\061\000\056\000\062\000\056\000\061\163\260\147\011\142\200\147\057\122\006\147\220}{section.1.2}% 10
\BOOKMARK [2][-]{subsection.1.2.2}{\376\377\000\061\000\056\000\062\000\056\000\062\163\260\133\130\116\073\211\201\225\356\230\230}{section.1.2}% 11
\BOOKMARK [1][-]{section.1.3}{\376\377\000\061\000\056\000\063\213\272\145\207\166\204\116\073\211\201\170\024\172\166\121\205\133\271\123\312\135\345\117\134\133\211\143\222}{chapter.1}% 12
\BOOKMARK [0][-]{chapter.2}{\376\377\173\054\116\214\172\340\000\040\000\040\131\032\116\373\122\241\133\146\116\140\145\271\154\325}{}% 13
\BOOKMARK [1][-]{section.2.1}{\376\377\000\062\000\056\000\061\137\025\212\000}{chapter.2}% 14
\BOOKMARK [1][-]{section.2.2}{\376\377\000\062\000\056\000\062\131\032\116\373\122\241\133\146\116\140\145\271\154\325\151\202\217\360}{chapter.2}% 15
\BOOKMARK [1][-]{section.2.3}{\376\377\000\062\000\056\000\063\136\070\165\050\166\204\131\032\116\373\122\241\133\146\116\140\145\271\154\325}{chapter.2}% 16
\BOOKMARK [2][-]{subsection.2.3.1}{\376\377\000\062\000\056\000\063\000\056\000\061\127\372\116\216\000\040\000\062\000\054\000\061\000\040\203\003\145\160\166\204\131\032\116\373\122\241\133\146\116\140}{section.2.3}% 17
\BOOKMARK [2][-]{subsection.2.3.2}{\376\377\000\062\000\056\000\063\000\056\000\062\127\372\116\216\176\304\176\246\147\137\166\204\131\032\116\373\122\241\133\146\116\140}{section.2.3}% 18
\BOOKMARK [1][-]{section.2.4}{\376\377\000\062\000\056\000\064\147\054\172\340\134\017\176\323}{chapter.2}% 19
\BOOKMARK [0][-]{chapter.3}{\376\377\173\054\116\011\172\340\000\040\000\040\127\372\116\216\174\173\122\053\217\271\165\114\215\335\171\273\166\204\131\032\116\373\122\241\210\114\116\072\213\306\122\053}{}% 20
\BOOKMARK [1][-]{section.3.1}{\376\377\000\063\000\056\000\061\137\025\212\000}{chapter.3}% 21
\BOOKMARK [1][-]{section.3.2}{\376\377\000\063\000\056\000\062\127\372\116\216\174\173\122\053\217\271\165\114\215\335\171\273\166\204\131\032\116\373\122\241\210\114\116\072\213\306\122\053}{chapter.3}% 22
\BOOKMARK [2][-]{subsection.3.2.1}{\376\377\000\063\000\056\000\062\000\056\000\061\000\123\000\126\000\115}{section.3.2}% 23
\BOOKMARK [2][-]{subsection.3.2.2}{\376\377\000\063\000\056\000\062\000\056\000\062\127\372\116\216\000\040\000\123\000\126\000\115\000\040\166\204\166\370\117\074\140\047\136\246\221\317}{section.3.2}% 24
\BOOKMARK [2][-]{subsection.3.2.3}{\376\377\000\063\000\056\000\062\000\056\000\063\166\356\150\007\121\375\145\160\166\204\136\372\172\313\124\214\117\030\123\026}{section.3.2}% 25
\BOOKMARK [1][-]{section.3.3}{\376\377\000\063\000\056\000\063\133\236\232\214\176\323\147\234\116\016\122\006\147\220}{chapter.3}% 26
\BOOKMARK [2][-]{subsection.3.3.1}{\376\377\000\063\000\056\000\063\000\056\000\061\133\236\232\214\213\276\213\241}{section.3.3}% 27
\BOOKMARK [2][-]{subsection.3.3.2}{\376\377\000\063\000\056\000\063\000\056\000\062\133\236\232\214\176\323\147\234}{section.3.3}% 28
\BOOKMARK [1][-]{section.3.4}{\376\377\000\063\000\056\000\064\147\054\172\340\134\017\176\323}{chapter.3}% 29
\BOOKMARK [0][-]{chapter.4}{\376\377\173\054\126\333\172\340\000\040\000\040\127\372\116\216\174\173\122\053\232\330\145\257\122\006\136\003\166\204\131\032\116\373\122\241\210\114\116\072\213\306\122\053}{}% 30
\BOOKMARK [1][-]{section.4.1}{\376\377\000\064\000\056\000\061\137\025\212\000}{chapter.4}% 31
\BOOKMARK [1][-]{section.4.2}{\376\377\000\064\000\056\000\062\000\106\000\151\000\163\000\150\000\145\000\162\000\040\000\126\000\145\000\143\000\164\000\157\000\162}{chapter.4}% 32
\BOOKMARK [1][-]{section.4.3}{\376\377\000\064\000\056\000\063\127\372\116\216\174\173\122\053\232\330\145\257\122\006\136\003\166\204\131\032\116\373\122\241\210\114\116\072\213\306\122\053}{chapter.4}% 33
\BOOKMARK [2][-]{subsection.4.3.1}{\376\377\000\064\000\056\000\063\000\056\000\061\127\372\116\216\116\222\117\341\140\157\166\204\166\370\117\074\140\047\136\246\221\317}{section.4.3}% 34
\BOOKMARK [2][-]{subsection.4.3.2}{\376\377\000\064\000\056\000\063\000\056\000\062\127\372\116\216\174\173\122\053\232\330\145\257\122\006\136\003\166\204\131\032\116\373\122\241\210\114\116\072\213\306\122\053}{section.4.3}% 35
\BOOKMARK [1][-]{section.4.4}{\376\377\000\064\000\056\000\064\133\236\232\214\176\323\147\234\116\016\122\006\147\220}{chapter.4}% 36
\BOOKMARK [2][-]{subsection.4.4.1}{\376\377\000\064\000\056\000\064\000\056\000\061\133\236\232\214\213\276\213\241}{section.4.4}% 37
\BOOKMARK [2][-]{subsection.4.4.2}{\376\377\000\064\000\056\000\064\000\056\000\062\133\236\232\214\176\323\147\234\116\016\122\006\147\220}{section.4.4}% 38
\BOOKMARK [1][-]{section.4.5}{\376\377\000\064\000\056\000\065\147\054\172\340\134\017\176\323}{chapter.4}% 39
\BOOKMARK [0][-]{chapter.5}{\376\377\173\054\116\224\172\340\000\040\000\040\140\073\176\323\116\016\134\125\147\033}{}% 40
\BOOKMARK [1][-]{section.5.1}{\376\377\000\065\000\056\000\061\140\073\176\323}{chapter.5}% 41
\BOOKMARK [1][-]{section.5.2}{\376\377\000\065\000\056\000\062\134\125\147\033}{chapter.5}% 42
\BOOKMARK [0][-]{section*.14}{\376\377\123\302\200\003\145\207\163\056}{}% 43
\BOOKMARK [0][-]{section*.16}{\376\377\201\364\214\042}{}% 44
\BOOKMARK [0][-]{section*.18}{\376\377\117\134\200\005\173\200\116\313}{}% 45
